
Book モデルに関するテスト
  実際に保存してみる
[32m    有効な投稿内容の場合は保存されるか[0m
  空白のバリデーションチェック
[32m    titleが空白の場合にバリデーションチェックされ空白のエラーメッセージが返ってきているか[0m
[32m    bodyが空白の場合にバリデーションチェックされ空白のエラーメッセージが返ってきているか[0m
  titleを空白で投稿した場合に画面にエラーメッセージが表示されているか
[32m    エラーメッセージは正しく表示されるか[0m
  bodyを空白で投稿した場合に画面にエラーメッセージが表示されているか
[32m    エラーメッセージは正しく表示されるか[0m

投稿のテスト
  トップ画面(root_path)のテスト
    表示の確認
[32m      トップ画面(root_path)に一覧ページへのリンクが表示されているか[0m
[32m      root_pathが"/"であるか[0m
  一覧画面のテスト
    一覧の表示とリンクの確認
[32m      bookの一覧表示(tableタグ)と投稿フォームが同一画面に表示されているか[0m
[32m      bookのタイトルと感想を表示し、詳細・編集・削除のリンクが表示されているか[0m
[32m      Create Bookボタンが表示される[0m
    投稿処理に関するテスト
[32m      投稿に成功しサクセスメッセージが表示されるか[0m
[32m      投稿に失敗する[0m
[32m      投稿後のリダイレクト先は正しいか[0m
    book削除のテスト
[32m      application.html.erbにjavascript_pack_tagを含んでいるか[0m
[31m      bookの削除 (FAILED - 1)[0m
  詳細画面のテスト
    表示の確認
[32m      本のタイトルと感想が画面に表示されていること[0m
[32m      Editリンクが表示される[0m
[32m      Backリンクが表示される[0m
    リンクの遷移先の確認
[32m      Editの遷移先は編集画面か[0m
[32m      Backの遷移先は一覧画面か[0m
  編集画面のテスト
    表示の確認
[32m      編集前のタイトルと感想がフォームに表示(セット)されている[0m
[32m      Update Bookボタンが表示される[0m
[32m      Showリンクが表示される[0m
[32m      Backリンクが表示される[0m
    リンクの遷移先の確認
[32m      Showの遷移先は詳細画面か[0m
[32m      Backの遷移先は一覧画面か[0m
    更新処理に関するテスト
[32m      更新に成功しサクセスメッセージが表示されるか[0m
[32m      更新に失敗しエラーメッセージが表示されるか[0m
[32m      更新後のリダイレクト先は正しいか[0m

Failures:

  1) 投稿のテスト 一覧画面のテスト book削除のテスト bookの削除
     [31mFailure/Error: click_link 'Destroy', match: :first[0m
     [31m[0m
     [31mCapybara::ElementNotFound:[0m
     [31m  Unable to find link "Destroy"[0m
     [36m# /home/ec2-user/.rvm/gems/ruby-3.1.2/gems/capybara-3.39.1/lib/capybara/node/finders.rb:312:in `block in synced_resolve'[0m
     [36m# /home/ec2-user/.rvm/gems/ruby-3.1.2/gems/capybara-3.39.1/lib/capybara/node/base.rb:84:in `synchronize'[0m
     [36m# /home/ec2-user/.rvm/gems/ruby-3.1.2/gems/capybara-3.39.1/lib/capybara/node/finders.rb:301:in `synced_resolve'[0m
     [36m# /home/ec2-user/.rvm/gems/ruby-3.1.2/gems/capybara-3.39.1/lib/capybara/node/finders.rb:60:in `find'[0m
     [36m# /home/ec2-user/.rvm/gems/ruby-3.1.2/gems/capybara-3.39.1/lib/capybara/node/actions.rb:42:in `click_link'[0m
     [36m# /home/ec2-user/.rvm/gems/ruby-3.1.2/gems/capybara-3.39.1/lib/capybara/session.rb:773:in `click_link'[0m
     [36m# /home/ec2-user/.rvm/gems/ruby-3.1.2/gems/capybara-3.39.1/lib/capybara/dsl.rb:52:in `call'[0m
     [36m# /home/ec2-user/.rvm/gems/ruby-3.1.2/gems/capybara-3.39.1/lib/capybara/dsl.rb:52:in `click_link'[0m
     [36m# ./spec/system/books_spec.rb:88:in `block (4 levels) in <main>'[0m

Finished in 2.41 seconds (files took 1.23 seconds to load)
[31m29 examples, 1 failure[0m

Failed examples:

[31mrspec ./spec/system/books_spec.rb:86[0m [36m# 投稿のテスト 一覧画面のテスト book削除のテスト bookの削除[0m

